<?xml version="1.0" encoding="UTF-8"?>
<coverage generated="1604433764987" clover="3.2.0">
  <project timestamp="1604433764987" name="All files">
    <metrics statements="23" coveredstatements="12" conditionals="2" coveredconditionals="1" methods="15" coveredmethods="4" elements="40" coveredelements="17" complexity="0" loc="23" ncloc="23" packages="1" files="1" classes="1"/>
    <file name="Dashboard.js" path="C:\Git\Bank\react-api\src\components\Dashboard.js">
      <metrics statements="23" coveredstatements="12" conditionals="2" coveredconditionals="1" methods="15" coveredmethods="4"/>
      <line num="26" count="2" type="stmt"/>
      <line num="39" count="2" type="stmt"/>
      <line num="40" count="2" type="stmt"/>
      <line num="44" count="2" type="stmt"/>
      <line num="52" count="2" type="stmt"/>
      <line num="53" count="0" type="stmt"/>
      <line num="56" count="2" type="stmt"/>
      <line num="57" count="0" type="stmt"/>
      <line num="59" count="0" type="stmt"/>
      <line num="63" count="2" type="stmt"/>
      <line num="64" count="0" type="stmt"/>
      <line num="66" count="0" type="stmt"/>
      <line num="70" count="2" type="stmt"/>
      <line num="71" count="0" type="stmt"/>
      <line num="73" count="0" type="stmt"/>
      <line num="76" count="2" type="stmt"/>
      <line num="77" count="0" type="stmt"/>
      <line num="79" count="0" type="stmt"/>
      <line num="83" count="2" type="stmt"/>
      <line num="84" count="0" type="stmt"/>
      <line num="86" count="0" type="stmt"/>
      <line num="92" count="2" type="stmt"/>
      <line num="93" count="2" type="stmt"/>
    </file>
  </project>
</coverage>
