TN:
SF:C:\Git\Bank\react-api\src\App.js
FN:46,(anonymous_0)
FN:63,(anonymous_1)
FN:68,(anonymous_2)
FN:72,(anonymous_3)
FN:77,(anonymous_4)
FN:81,(anonymous_5)
FN:113,(anonymous_6)
FN:114,(anonymous_7)
FN:115,(anonymous_8)
FN:162,(anonymous_9)
FNF:10
FNH:4
FNDA:1,(anonymous_0)
FNDA:1,(anonymous_1)
FNDA:0,(anonymous_2)
FNDA:0,(anonymous_3)
FNDA:1,(anonymous_4)
FNDA:3,(anonymous_5)
FNDA:0,(anonymous_6)
FNDA:0,(anonymous_7)
FNDA:0,(anonymous_8)
FNDA:0,(anonymous_9)
DA:43,1
DA:47,1
DA:48,1
DA:50,1
DA:51,1
DA:54,1
DA:64,1
DA:65,1
DA:69,0
DA:74,0
DA:78,1
DA:90,3
DA:91,3
DA:113,0
DA:114,0
DA:115,0
DA:162,0
DA:236,1
DA:238,1
LF:19
LH:13
BRDA:95,0,0,0
BRDA:95,0,1,3
BRF:2
BRH:1
end_of_record
TN:
SF:C:\Git\Bank\react-api\src\Testing\setupTests.js
FNF:0
FNH:0
LF:0
LH:0
BRF:0
BRH:0
end_of_record
TN:
SF:C:\Git\Bank\react-api\src\components\AccountBalance.js
FN:41,(anonymous_0)
FN:74,(anonymous_1)
FN:80,(anonymous_2)
FN:86,(anonymous_3)
FN:100,(anonymous_4)
FN:105,(anonymous_5)
FN:119,(anonymous_6)
FN:124,(anonymous_7)
FN:134,(anonymous_8)
FN:161,(anonymous_9)
FN:188,(anonymous_10)
FN:190,(anonymous_11)
FN:191,(anonymous_12)
FN:197,(anonymous_13)
FN:198,(anonymous_14)
FN:204,(anonymous_15)
FN:205,(anonymous_16)
FN:211,(anonymous_17)
FN:212,(anonymous_18)
FN:218,(anonymous_19)
FN:219,(anonymous_20)
FN:224,(anonymous_21)
FN:230,(anonymous_22)
FNF:23
FNH:4
FNDA:1,(anonymous_0)
FNDA:0,(anonymous_1)
FNDA:0,(anonymous_2)
FNDA:0,(anonymous_3)
FNDA:0,(anonymous_4)
FNDA:0,(anonymous_5)
FNDA:0,(anonymous_6)
FNDA:0,(anonymous_7)
FNDA:0,(anonymous_8)
FNDA:0,(anonymous_9)
FNDA:1,(anonymous_10)
FNDA:0,(anonymous_11)
FNDA:0,(anonymous_12)
FNDA:0,(anonymous_13)
FNDA:0,(anonymous_14)
FNDA:0,(anonymous_15)
FNDA:0,(anonymous_16)
FNDA:0,(anonymous_17)
FNDA:0,(anonymous_18)
FNDA:0,(anonymous_19)
FNDA:0,(anonymous_20)
FNDA:1,(anonymous_21)
FNDA:1,(anonymous_22)
DA:28,1
DA:42,1
DA:43,1
DA:44,1
DA:45,1
DA:46,1
DA:47,1
DA:48,1
DA:49,1
DA:50,1
DA:51,1
DA:52,1
DA:53,1
DA:54,1
DA:55,1
DA:56,1
DA:59,1
DA:75,0
DA:76,0
DA:77,0
DA:81,0
DA:82,0
DA:83,0
DA:87,0
DA:88,0
DA:92,0
DA:95,0
DA:96,0
DA:97,0
DA:101,0
DA:102,0
DA:106,0
DA:107,0
DA:111,0
DA:114,0
DA:115,0
DA:116,0
DA:120,0
DA:121,0
DA:125,0
DA:126,0
DA:127,0
DA:128,0
DA:130,0
DA:135,0
DA:136,0
DA:137,0
DA:138,0
DA:139,0
DA:141,0
DA:143,0
DA:145,0
DA:147,0
DA:150,0
DA:162,0
DA:163,0
DA:164,0
DA:165,0
DA:166,0
DA:168,0
DA:170,0
DA:172,0
DA:174,0
DA:177,0
DA:189,1
DA:190,0
DA:192,0
DA:196,1
DA:197,0
DA:199,0
DA:203,1
DA:204,0
DA:206,0
DA:210,1
DA:211,0
DA:213,0
DA:217,1
DA:218,0
DA:220,0
DA:225,1
DA:226,1
DA:227,0
DA:229,1
DA:230,1
LF:84
LH:26
BRDA:87,0,0,0
BRDA:87,0,1,0
BRDA:106,1,0,0
BRDA:106,1,1,0
BRDA:127,2,0,0
BRDA:127,2,1,0
BRDA:141,3,0,0
BRDA:141,3,1,0
BRDA:145,4,0,0
BRDA:145,4,1,0
BRDA:168,5,0,0
BRDA:168,5,1,0
BRDA:172,6,0,0
BRDA:172,6,1,0
BRDA:226,7,0,0
BRDA:226,7,1,1
BRF:16
BRH:1
end_of_record
TN:
SF:C:\Git\Bank\react-api\src\components\AccountInfo.js
FN:33,(anonymous_0)
FN:45,(anonymous_1)
FN:47,(anonymous_2)
FN:48,(anonymous_3)
FN:54,(anonymous_4)
FN:55,(anonymous_5)
FN:61,(anonymous_6)
FN:65,(anonymous_7)
FN:68,(anonymous_8)
FN:71,(anonymous_9)
FNF:10
FNH:3
FNDA:2,(anonymous_0)
FNDA:1,(anonymous_1)
FNDA:0,(anonymous_2)
FNDA:0,(anonymous_3)
FNDA:0,(anonymous_4)
FNDA:0,(anonymous_5)
FNDA:0,(anonymous_6)
FNDA:0,(anonymous_7)
FNDA:0,(anonymous_8)
FNDA:1,(anonymous_9)
DA:34,2
DA:35,1
DA:39,1
DA:46,1
DA:47,0
DA:49,0
DA:53,1
DA:54,0
DA:56,0
DA:61,1
DA:62,0
DA:65,1
DA:66,0
DA:68,0
DA:72,1
LF:15
LH:8
BRF:0
BRH:0
end_of_record
TN:
SF:C:\Git\Bank\react-api\src\components\Dashboard.js
FN:38,(anonymous_0)
FN:52,(anonymous_1)
FN:56,(anonymous_2)
FN:59,(anonymous_3)
FN:62,(anonymous_4)
FN:64,(anonymous_5)
FN:65,(anonymous_6)
FN:71,(anonymous_7)
FN:72,(anonymous_8)
FN:77,(anonymous_9)
FN:78,(anonymous_10)
FN:84,(anonymous_11)
FN:85,(anonymous_12)
FN:91,(anonymous_13)
FN:93,(anonymous_14)
FNF:15
FNH:4
FNDA:2,(anonymous_0)
FNDA:0,(anonymous_1)
FNDA:0,(anonymous_2)
FNDA:0,(anonymous_3)
FNDA:1,(anonymous_4)
FNDA:0,(anonymous_5)
FNDA:0,(anonymous_6)
FNDA:0,(anonymous_7)
FNDA:0,(anonymous_8)
FNDA:0,(anonymous_9)
FNDA:0,(anonymous_10)
FNDA:0,(anonymous_11)
FNDA:0,(anonymous_12)
FNDA:1,(anonymous_13)
FNDA:2,(anonymous_14)
DA:26,1
DA:39,2
DA:40,1
DA:44,1
DA:52,1
DA:53,0
DA:56,1
DA:57,0
DA:59,0
DA:63,1
DA:64,0
DA:66,0
DA:70,1
DA:71,0
DA:73,0
DA:76,1
DA:77,0
DA:79,0
DA:83,1
DA:84,0
DA:86,0
DA:92,1
DA:93,2
LF:23
LH:12
BRDA:188,0,0,1
BRDA:188,0,1,0
BRF:2
BRH:1
end_of_record
TN:
SF:C:\Git\Bank\react-api\src\components\TransactionsGridContainer.js
FN:13,(anonymous_0)
FN:26,(anonymous_1)
FN:27,(anonymous_2)
FN:28,(anonymous_3)
FN:35,(anonymous_4)
FN:37,(anonymous_5)
FN:39,(anonymous_6)
FN:40,(anonymous_7)
FN:55,(anonymous_8)
FN:56,(anonymous_9)
FN:59,(anonymous_10)
FN:60,(anonymous_11)
FN:73,(anonymous_12)
FNF:13
FNH:3
FNDA:2,(anonymous_0)
FNDA:0,(anonymous_1)
FNDA:0,(anonymous_2)
FNDA:0,(anonymous_3)
FNDA:0,(anonymous_4)
FNDA:2,(anonymous_5)
FNDA:0,(anonymous_6)
FNDA:0,(anonymous_7)
FNDA:0,(anonymous_8)
FNDA:0,(anonymous_9)
FNDA:0,(anonymous_10)
FNDA:0,(anonymous_11)
FNDA:3,(anonymous_12)
DA:14,2
DA:15,2
DA:22,2
DA:26,2
DA:27,0
DA:28,0
DA:29,0
DA:31,0
DA:34,2
DA:35,2
DA:38,2
DA:39,0
DA:41,0
DA:45,2
DA:46,2
DA:47,0
DA:48,0
DA:49,0
DA:51,0
DA:55,2
DA:56,0
DA:59,2
DA:60,0
DA:61,0
DA:74,3
DA:75,3
DA:76,1
DA:79,2
DA:80,0
DA:82,2
LF:30
LH:16
BRDA:47,0,0,0
BRDA:47,0,1,0
BRDA:75,1,0,1
BRDA:75,1,1,2
BRDA:79,2,0,0
BRDA:79,2,1,2
BRDA:82,3,0,0
BRDA:82,3,1,2
BRF:8
BRH:4
end_of_record
TN:
SF:C:\Git\Bank\react-api\src\components\signUp.js
FN:18,SignUp
FN:36,(anonymous_1)
FN:41,(anonymous_2)
FN:46,(anonymous_3)
FN:51,(anonymous_4)
FN:56,(anonymous_5)
FN:61,(anonymous_6)
FN:67,(anonymous_7)
FN:72,(anonymous_8)
FN:77,(anonymous_9)
FN:82,(anonymous_10)
FN:87,(anonymous_11)
FN:232,(anonymous_12)
FNF:13
FNH:1
FNDA:1,SignUp
FNDA:0,(anonymous_1)
FNDA:0,(anonymous_2)
FNDA:0,(anonymous_3)
FNDA:0,(anonymous_4)
FNDA:0,(anonymous_5)
FNDA:0,(anonymous_6)
FNDA:0,(anonymous_7)
FNDA:0,(anonymous_8)
FNDA:0,(anonymous_9)
FNDA:0,(anonymous_10)
FNDA:0,(anonymous_11)
FNDA:0,(anonymous_12)
DA:20,1
DA:21,1
DA:22,1
DA:23,1
DA:24,1
DA:25,1
DA:26,1
DA:27,1
DA:28,1
DA:29,1
DA:30,1
DA:31,1
DA:32,1
DA:34,1
DA:36,1
DA:37,0
DA:38,0
DA:41,1
DA:42,0
DA:43,0
DA:46,1
DA:47,0
DA:48,0
DA:51,1
DA:52,0
DA:53,0
DA:56,1
DA:57,0
DA:58,0
DA:61,1
DA:62,0
DA:63,0
DA:64,0
DA:67,1
DA:68,0
DA:69,0
DA:72,1
DA:73,0
DA:74,0
DA:77,1
DA:78,0
DA:79,0
DA:82,1
DA:83,0
DA:84,0
DA:87,1
DA:88,0
DA:89,0
DA:90,0
DA:91,0
DA:92,0
DA:93,0
DA:94,0
DA:95,0
DA:96,0
DA:97,0
DA:98,0
DA:99,0
DA:102,0
DA:103,0
DA:104,0
DA:105,0
DA:108,0
DA:109,0
DA:110,0
DA:111,0
DA:114,0
DA:115,0
DA:116,0
DA:117,0
DA:120,0
DA:121,0
DA:122,0
DA:123,0
DA:126,0
DA:127,0
DA:128,0
DA:129,0
DA:132,0
DA:133,0
DA:134,0
DA:135,0
DA:138,0
DA:139,0
DA:140,0
DA:141,0
DA:144,0
DA:157,0
DA:158,0
DA:160,0
DA:178,0
DA:181,1
DA:232,0
LF:93
LH:26
BRDA:102,0,0,0
BRDA:102,0,1,0
BRDA:108,1,0,0
BRDA:108,1,1,0
BRDA:114,2,0,0
BRDA:114,2,1,0
BRDA:114,3,0,0
BRDA:114,3,1,0
BRDA:120,4,0,0
BRDA:120,4,1,0
BRDA:126,5,0,0
BRDA:126,5,1,0
BRDA:132,6,0,0
BRDA:132,6,1,0
BRDA:138,7,0,0
BRDA:138,7,1,0
BRDA:234,8,0,1
BRDA:234,8,1,0
BRDA:235,9,0,1
BRDA:235,9,1,0
BRF:20
BRH:2
end_of_record
TN:
SF:C:\Git\Bank\react-api\src\components\data\appData.js
FNF:0
FNH:0
DA:2,1
DA:12,1
DA:14,1
DA:24,1
DA:208,1
LF:5
LH:5
BRF:0
BRH:0
end_of_record
