TN:
SF:C:\Git\Bank\react-api\src\components\Dashboard.js
FN:38,(anonymous_0)
FN:52,(anonymous_1)
FN:56,(anonymous_2)
FN:59,(anonymous_3)
FN:62,(anonymous_4)
FN:64,(anonymous_5)
FN:65,(anonymous_6)
FN:71,(anonymous_7)
FN:72,(anonymous_8)
FN:77,(anonymous_9)
FN:78,(anonymous_10)
FN:84,(anonymous_11)
FN:85,(anonymous_12)
FN:91,(anonymous_13)
FN:93,(anonymous_14)
FNF:15
FNH:4
FNDA:2,(anonymous_0)
FNDA:0,(anonymous_1)
FNDA:0,(anonymous_2)
FNDA:0,(anonymous_3)
FNDA:2,(anonymous_4)
FNDA:0,(anonymous_5)
FNDA:0,(anonymous_6)
FNDA:0,(anonymous_7)
FNDA:0,(anonymous_8)
FNDA:0,(anonymous_9)
FNDA:0,(anonymous_10)
FNDA:0,(anonymous_11)
FNDA:0,(anonymous_12)
FNDA:2,(anonymous_13)
FNDA:2,(anonymous_14)
DA:26,2
DA:39,2
DA:40,2
DA:44,2
DA:52,2
DA:53,0
DA:56,2
DA:57,0
DA:59,0
DA:63,2
DA:64,0
DA:66,0
DA:70,2
DA:71,0
DA:73,0
DA:76,2
DA:77,0
DA:79,0
DA:83,2
DA:84,0
DA:86,0
DA:92,2
DA:93,2
LF:23
LH:12
BRDA:188,0,0,2
BRDA:188,0,1,0
BRF:2
BRH:1
end_of_record
